2019-07-08 10:26:30,608 - Log4JLogChute initialized using file 'velocity.log'
2019-07-08 10:26:30,609 - Velocity was not initialized! Calling init()...
2019-07-08 10:26:30,609 - Starting Apache Velocity v1.6 (compiled: 2008-11-24 15:58:18)
2019-07-08 10:26:30,609 - Default Properties File: org\apache\velocity\runtime\defaults\velocity.properties
2019-07-08 10:26:30,610 - Trying to use logger class org.apache.velocity.runtime.log.AvalonLogChute
2019-07-08 10:26:30,610 - Target log system for org.apache.velocity.runtime.log.AvalonLogChute is not available (java.lang.NoClassDefFoundError: org/apache/log/format/Formatter).  Falling back to next log system...
2019-07-08 10:26:30,610 - Trying to use logger class org.apache.velocity.runtime.log.Log4JLogChute
2019-07-08 10:26:30,610 - Using logger class org.apache.velocity.runtime.log.Log4JLogChute
2019-07-08 10:26:30,628 - ResourceLoader instantiated: org.apache.velocity.runtime.resource.loader.FileResourceLoader
2019-07-08 10:26:30,630 - Do unicode file recognition:  false
2019-07-08 10:26:30,631 - FileResourceLoader : adding path '.'
2019-07-08 10:26:30,688 - ResourceCache: initialized (class org.apache.velocity.runtime.resource.ResourceCacheImpl) with class java.util.Collections$SynchronizedMap cache map.
2019-07-08 10:26:30,691 - Loaded System Directive: org.apache.velocity.runtime.directive.Define
2019-07-08 10:26:30,692 - Loaded System Directive: org.apache.velocity.runtime.directive.Break
2019-07-08 10:26:30,693 - Loaded System Directive: org.apache.velocity.runtime.directive.Evaluate
2019-07-08 10:26:30,695 - Loaded System Directive: org.apache.velocity.runtime.directive.Literal
2019-07-08 10:26:30,699 - Loaded System Directive: org.apache.velocity.runtime.directive.Macro
2019-07-08 10:26:30,707 - Loaded System Directive: org.apache.velocity.runtime.directive.Parse
2019-07-08 10:26:30,709 - Loaded System Directive: org.apache.velocity.runtime.directive.Include
2019-07-08 10:26:30,710 - Loaded System Directive: org.apache.velocity.runtime.directive.Foreach
2019-07-08 10:26:30,787 - Created '20' parsers.
2019-07-08 10:26:30,796 - Velocimacro : "velocimacro.library" is not set.  Trying default library: VM_global_library.vm
2019-07-08 10:26:30,797 - Velocimacro : Default library not found.
2019-07-08 10:26:30,797 - Velocimacro : allowInline = true : VMs can be defined inline in templates
2019-07-08 10:26:30,797 - Velocimacro : allowInlineToOverride = false : VMs defined inline may NOT replace previous VM definitions
2019-07-08 10:26:30,797 - Velocimacro : allowInlineLocal = false : VMs defined inline will be global in scope if allowed.
2019-07-08 10:26:30,797 - Velocimacro : autoload off : VM system will not automatically reload global library macros
2019-07-08 10:26:30,828 - ResourceManager : found template/hello.vm with loader org.apache.velocity.runtime.resource.loader.FileResourceLoader
2019-07-08 10:26:50,709 - Log4JLogChute initialized using file 'velocity.log'
2019-07-08 10:26:50,710 - Velocity was not initialized! Calling init()...
2019-07-08 10:26:50,710 - Starting Apache Velocity v1.6 (compiled: 2008-11-24 15:58:18)
2019-07-08 10:26:50,710 - Default Properties File: org\apache\velocity\runtime\defaults\velocity.properties
2019-07-08 10:26:50,710 - Trying to use logger class org.apache.velocity.runtime.log.AvalonLogChute
2019-07-08 10:26:50,710 - Target log system for org.apache.velocity.runtime.log.AvalonLogChute is not available (java.lang.NoClassDefFoundError: org/apache/log/format/Formatter).  Falling back to next log system...
2019-07-08 10:26:50,710 - Trying to use logger class org.apache.velocity.runtime.log.Log4JLogChute
2019-07-08 10:26:50,710 - Using logger class org.apache.velocity.runtime.log.Log4JLogChute
2019-07-08 10:26:50,719 - ResourceLoader instantiated: org.apache.velocity.runtime.resource.loader.FileResourceLoader
2019-07-08 10:26:50,723 - Do unicode file recognition:  false
2019-07-08 10:26:50,723 - FileResourceLoader : adding path '.'
2019-07-08 10:26:50,752 - ResourceCache: initialized (class org.apache.velocity.runtime.resource.ResourceCacheImpl) with class java.util.Collections$SynchronizedMap cache map.
2019-07-08 10:26:50,755 - Loaded System Directive: org.apache.velocity.runtime.directive.Define
2019-07-08 10:26:50,756 - Loaded System Directive: org.apache.velocity.runtime.directive.Break
2019-07-08 10:26:50,757 - Loaded System Directive: org.apache.velocity.runtime.directive.Evaluate
2019-07-08 10:26:50,758 - Loaded System Directive: org.apache.velocity.runtime.directive.Literal
2019-07-08 10:26:50,760 - Loaded System Directive: org.apache.velocity.runtime.directive.Macro
2019-07-08 10:26:50,762 - Loaded System Directive: org.apache.velocity.runtime.directive.Parse
2019-07-08 10:26:50,764 - Loaded System Directive: org.apache.velocity.runtime.directive.Include
2019-07-08 10:26:50,767 - Loaded System Directive: org.apache.velocity.runtime.directive.Foreach
2019-07-08 10:26:50,811 - Created '20' parsers.
2019-07-08 10:26:50,818 - Velocimacro : "velocimacro.library" is not set.  Trying default library: VM_global_library.vm
2019-07-08 10:26:50,819 - Velocimacro : Default library not found.
2019-07-08 10:26:50,819 - Velocimacro : allowInline = true : VMs can be defined inline in templates
2019-07-08 10:26:50,819 - Velocimacro : allowInlineToOverride = false : VMs defined inline may NOT replace previous VM definitions
2019-07-08 10:26:50,819 - Velocimacro : allowInlineLocal = false : VMs defined inline will be global in scope if allowed.
2019-07-08 10:26:50,819 - Velocimacro : autoload off : VM system will not automatically reload global library macros
2019-07-08 10:26:50,851 - ResourceManager : found template/hello.vm with loader org.apache.velocity.runtime.resource.loader.FileResourceLoader
2019-07-08 10:28:39,284 - Log4JLogChute initialized using file 'velocity.log'
2019-07-08 10:28:39,285 - Velocity was not initialized! Calling init()...
2019-07-08 10:28:39,285 - Starting Apache Velocity v1.6 (compiled: 2008-11-24 15:58:18)
2019-07-08 10:28:39,285 - Default Properties File: org\apache\velocity\runtime\defaults\velocity.properties
2019-07-08 10:28:39,285 - Trying to use logger class org.apache.velocity.runtime.log.AvalonLogChute
2019-07-08 10:28:39,285 - Target log system for org.apache.velocity.runtime.log.AvalonLogChute is not available (java.lang.NoClassDefFoundError: org/apache/log/format/Formatter).  Falling back to next log system...
2019-07-08 10:28:39,286 - Trying to use logger class org.apache.velocity.runtime.log.Log4JLogChute
2019-07-08 10:28:39,286 - Using logger class org.apache.velocity.runtime.log.Log4JLogChute
2019-07-08 10:28:39,301 - ResourceLoader instantiated: org.apache.velocity.runtime.resource.loader.FileResourceLoader
2019-07-08 10:28:39,304 - Do unicode file recognition:  false
2019-07-08 10:28:39,304 - FileResourceLoader : adding path '.'
2019-07-08 10:28:39,325 - ResourceCache: initialized (class org.apache.velocity.runtime.resource.ResourceCacheImpl) with class java.util.Collections$SynchronizedMap cache map.
2019-07-08 10:28:39,328 - Loaded System Directive: org.apache.velocity.runtime.directive.Define
2019-07-08 10:28:39,330 - Loaded System Directive: org.apache.velocity.runtime.directive.Break
2019-07-08 10:28:39,331 - Loaded System Directive: org.apache.velocity.runtime.directive.Evaluate
2019-07-08 10:28:39,332 - Loaded System Directive: org.apache.velocity.runtime.directive.Literal
2019-07-08 10:28:39,334 - Loaded System Directive: org.apache.velocity.runtime.directive.Macro
2019-07-08 10:28:39,337 - Loaded System Directive: org.apache.velocity.runtime.directive.Parse
2019-07-08 10:28:39,340 - Loaded System Directive: org.apache.velocity.runtime.directive.Include
2019-07-08 10:28:39,341 - Loaded System Directive: org.apache.velocity.runtime.directive.Foreach
2019-07-08 10:28:39,378 - Created '20' parsers.
2019-07-08 10:28:39,393 - Velocimacro : "velocimacro.library" is not set.  Trying default library: VM_global_library.vm
2019-07-08 10:28:39,395 - Velocimacro : Default library not found.
2019-07-08 10:28:39,395 - Velocimacro : allowInline = true : VMs can be defined inline in templates
2019-07-08 10:28:39,395 - Velocimacro : allowInlineToOverride = false : VMs defined inline may NOT replace previous VM definitions
2019-07-08 10:28:39,395 - Velocimacro : allowInlineLocal = false : VMs defined inline will be global in scope if allowed.
2019-07-08 10:28:39,395 - Velocimacro : autoload off : VM system will not automatically reload global library macros
2019-07-08 10:28:39,444 - ResourceManager : found template/hello.vm with loader org.apache.velocity.runtime.resource.loader.FileResourceLoader
2019-07-08 10:37:15,189 - Log4JLogChute initialized using file 'velocity.log'
2019-07-08 10:37:15,189 - Velocity was not initialized! Calling init()...
2019-07-08 10:37:15,190 - Starting Apache Velocity v1.6 (compiled: 2008-11-24 15:58:18)
2019-07-08 10:37:15,190 - Default Properties File: org\apache\velocity\runtime\defaults\velocity.properties
2019-07-08 10:37:15,190 - Trying to use logger class org.apache.velocity.runtime.log.AvalonLogChute
2019-07-08 10:37:15,190 - Target log system for org.apache.velocity.runtime.log.AvalonLogChute is not available (java.lang.NoClassDefFoundError: org/apache/log/format/Formatter).  Falling back to next log system...
2019-07-08 10:37:15,190 - Trying to use logger class org.apache.velocity.runtime.log.Log4JLogChute
2019-07-08 10:37:15,190 - Using logger class org.apache.velocity.runtime.log.Log4JLogChute
2019-07-08 10:37:15,209 - ResourceLoader instantiated: org.apache.velocity.runtime.resource.loader.FileResourceLoader
2019-07-08 10:37:15,211 - Do unicode file recognition:  false
2019-07-08 10:37:15,211 - FileResourceLoader : adding path '.'
2019-07-08 10:37:15,253 - ResourceCache: initialized (class org.apache.velocity.runtime.resource.ResourceCacheImpl) with class java.util.Collections$SynchronizedMap cache map.
2019-07-08 10:37:15,255 - Loaded System Directive: org.apache.velocity.runtime.directive.Define
2019-07-08 10:37:15,257 - Loaded System Directive: org.apache.velocity.runtime.directive.Break
2019-07-08 10:37:15,259 - Loaded System Directive: org.apache.velocity.runtime.directive.Evaluate
2019-07-08 10:37:15,260 - Loaded System Directive: org.apache.velocity.runtime.directive.Literal
2019-07-08 10:37:15,262 - Loaded System Directive: org.apache.velocity.runtime.directive.Macro
2019-07-08 10:37:15,265 - Loaded System Directive: org.apache.velocity.runtime.directive.Parse
2019-07-08 10:37:15,268 - Loaded System Directive: org.apache.velocity.runtime.directive.Include
2019-07-08 10:37:15,270 - Loaded System Directive: org.apache.velocity.runtime.directive.Foreach
2019-07-08 10:37:15,311 - Created '20' parsers.
2019-07-08 10:37:15,322 - Velocimacro : "velocimacro.library" is not set.  Trying default library: VM_global_library.vm
2019-07-08 10:37:15,322 - Velocimacro : Default library not found.
2019-07-08 10:37:15,323 - Velocimacro : allowInline = true : VMs can be defined inline in templates
2019-07-08 10:37:15,323 - Velocimacro : allowInlineToOverride = false : VMs defined inline may NOT replace previous VM definitions
2019-07-08 10:37:15,323 - Velocimacro : allowInlineLocal = false : VMs defined inline will be global in scope if allowed.
2019-07-08 10:37:15,323 - Velocimacro : autoload off : VM system will not automatically reload global library macros
2019-07-08 10:37:15,360 - ResourceManager : found template/hello.vm with loader org.apache.velocity.runtime.resource.loader.FileResourceLoader
2019-07-08 10:37:15,446 - Null reference [template 'template/hello.vm', line 6, column 33] : ${employee.age} cannot be resolved.
2019-07-08 10:38:02,657 - Log4JLogChute initialized using file 'velocity.log'
2019-07-08 10:38:02,658 - Velocity was not initialized! Calling init()...
2019-07-08 10:38:02,659 - Starting Apache Velocity v1.6 (compiled: 2008-11-24 15:58:18)
2019-07-08 10:38:02,659 - Default Properties File: org\apache\velocity\runtime\defaults\velocity.properties
2019-07-08 10:38:02,659 - Trying to use logger class org.apache.velocity.runtime.log.AvalonLogChute
2019-07-08 10:38:02,659 - Target log system for org.apache.velocity.runtime.log.AvalonLogChute is not available (java.lang.NoClassDefFoundError: org/apache/log/format/Formatter).  Falling back to next log system...
2019-07-08 10:38:02,659 - Trying to use logger class org.apache.velocity.runtime.log.Log4JLogChute
2019-07-08 10:38:02,659 - Using logger class org.apache.velocity.runtime.log.Log4JLogChute
2019-07-08 10:38:02,674 - ResourceLoader instantiated: org.apache.velocity.runtime.resource.loader.FileResourceLoader
2019-07-08 10:38:02,676 - Do unicode file recognition:  false
2019-07-08 10:38:02,676 - FileResourceLoader : adding path '.'
2019-07-08 10:38:02,697 - ResourceCache: initialized (class org.apache.velocity.runtime.resource.ResourceCacheImpl) with class java.util.Collections$SynchronizedMap cache map.
2019-07-08 10:38:02,699 - Loaded System Directive: org.apache.velocity.runtime.directive.Define
2019-07-08 10:38:02,700 - Loaded System Directive: org.apache.velocity.runtime.directive.Break
2019-07-08 10:38:02,702 - Loaded System Directive: org.apache.velocity.runtime.directive.Evaluate
2019-07-08 10:38:02,702 - Loaded System Directive: org.apache.velocity.runtime.directive.Literal
2019-07-08 10:38:02,704 - Loaded System Directive: org.apache.velocity.runtime.directive.Macro
2019-07-08 10:38:02,708 - Loaded System Directive: org.apache.velocity.runtime.directive.Parse
2019-07-08 10:38:02,711 - Loaded System Directive: org.apache.velocity.runtime.directive.Include
2019-07-08 10:38:02,712 - Loaded System Directive: org.apache.velocity.runtime.directive.Foreach
2019-07-08 10:38:02,757 - Created '20' parsers.
2019-07-08 10:38:02,767 - Velocimacro : "velocimacro.library" is not set.  Trying default library: VM_global_library.vm
2019-07-08 10:38:02,768 - Velocimacro : Default library not found.
2019-07-08 10:38:02,768 - Velocimacro : allowInline = true : VMs can be defined inline in templates
2019-07-08 10:38:02,768 - Velocimacro : allowInlineToOverride = false : VMs defined inline may NOT replace previous VM definitions
2019-07-08 10:38:02,768 - Velocimacro : allowInlineLocal = false : VMs defined inline will be global in scope if allowed.
2019-07-08 10:38:02,768 - Velocimacro : autoload off : VM system will not automatically reload global library macros
2019-07-08 10:38:02,810 - ResourceManager : found template/hello.vm with loader org.apache.velocity.runtime.resource.loader.FileResourceLoader
2019-07-08 10:42:03,588 - Log4JLogChute initialized using file 'velocity.log'
2019-07-08 10:42:03,589 - Velocity was not initialized! Calling init()...
2019-07-08 10:42:03,589 - Starting Apache Velocity v1.6 (compiled: 2008-11-24 15:58:18)
2019-07-08 10:42:03,589 - Default Properties File: org\apache\velocity\runtime\defaults\velocity.properties
2019-07-08 10:42:03,589 - Trying to use logger class org.apache.velocity.runtime.log.AvalonLogChute
2019-07-08 10:42:03,589 - Target log system for org.apache.velocity.runtime.log.AvalonLogChute is not available (java.lang.NoClassDefFoundError: org/apache/log/format/Formatter).  Falling back to next log system...
2019-07-08 10:42:03,589 - Trying to use logger class org.apache.velocity.runtime.log.Log4JLogChute
2019-07-08 10:42:03,589 - Using logger class org.apache.velocity.runtime.log.Log4JLogChute
2019-07-08 10:42:03,606 - ResourceLoader instantiated: org.apache.velocity.runtime.resource.loader.FileResourceLoader
2019-07-08 10:42:03,608 - Do unicode file recognition:  false
2019-07-08 10:42:03,609 - FileResourceLoader : adding path '.'
2019-07-08 10:42:03,634 - ResourceCache: initialized (class org.apache.velocity.runtime.resource.ResourceCacheImpl) with class java.util.Collections$SynchronizedMap cache map.
2019-07-08 10:42:03,636 - Loaded System Directive: org.apache.velocity.runtime.directive.Define
2019-07-08 10:42:03,638 - Loaded System Directive: org.apache.velocity.runtime.directive.Break
2019-07-08 10:42:03,639 - Loaded System Directive: org.apache.velocity.runtime.directive.Evaluate
2019-07-08 10:42:03,640 - Loaded System Directive: org.apache.velocity.runtime.directive.Literal
2019-07-08 10:42:03,642 - Loaded System Directive: org.apache.velocity.runtime.directive.Macro
2019-07-08 10:42:03,646 - Loaded System Directive: org.apache.velocity.runtime.directive.Parse
2019-07-08 10:42:03,648 - Loaded System Directive: org.apache.velocity.runtime.directive.Include
2019-07-08 10:42:03,650 - Loaded System Directive: org.apache.velocity.runtime.directive.Foreach
2019-07-08 10:42:03,687 - Created '20' parsers.
2019-07-08 10:42:03,697 - Velocimacro : "velocimacro.library" is not set.  Trying default library: VM_global_library.vm
2019-07-08 10:42:03,697 - Velocimacro : Default library not found.
2019-07-08 10:42:03,697 - Velocimacro : allowInline = true : VMs can be defined inline in templates
2019-07-08 10:42:03,698 - Velocimacro : allowInlineToOverride = false : VMs defined inline may NOT replace previous VM definitions
2019-07-08 10:42:03,698 - Velocimacro : allowInlineLocal = false : VMs defined inline will be global in scope if allowed.
2019-07-08 10:42:03,698 - Velocimacro : autoload off : VM system will not automatically reload global library macros
2019-07-08 10:42:03,731 - ResourceManager : found template/hello.vm with loader org.apache.velocity.runtime.resource.loader.FileResourceLoader
2019-07-08 11:10:34,507 - Log4JLogChute initialized using file 'velocity.log'
2019-07-08 11:10:34,508 - Velocity was not initialized! Calling init()...
2019-07-08 11:10:34,509 - Starting Apache Velocity v1.6 (compiled: 2008-11-24 15:58:18)
2019-07-08 11:10:34,509 - Default Properties File: org\apache\velocity\runtime\defaults\velocity.properties
2019-07-08 11:10:34,509 - Trying to use logger class org.apache.velocity.runtime.log.AvalonLogChute
2019-07-08 11:10:34,509 - Target log system for org.apache.velocity.runtime.log.AvalonLogChute is not available (java.lang.NoClassDefFoundError: org/apache/log/format/Formatter).  Falling back to next log system...
2019-07-08 11:10:34,509 - Trying to use logger class org.apache.velocity.runtime.log.Log4JLogChute
2019-07-08 11:10:34,509 - Using logger class org.apache.velocity.runtime.log.Log4JLogChute
2019-07-08 11:10:34,534 - ResourceLoader instantiated: org.apache.velocity.runtime.resource.loader.FileResourceLoader
2019-07-08 11:10:34,537 - Do unicode file recognition:  false
2019-07-08 11:10:34,537 - FileResourceLoader : adding path '.'
2019-07-08 11:10:34,579 - ResourceCache: initialized (class org.apache.velocity.runtime.resource.ResourceCacheImpl) with class java.util.Collections$SynchronizedMap cache map.
2019-07-08 11:10:34,583 - Loaded System Directive: org.apache.velocity.runtime.directive.Define
2019-07-08 11:10:34,586 - Loaded System Directive: org.apache.velocity.runtime.directive.Break
2019-07-08 11:10:34,588 - Loaded System Directive: org.apache.velocity.runtime.directive.Evaluate
2019-07-08 11:10:34,590 - Loaded System Directive: org.apache.velocity.runtime.directive.Literal
2019-07-08 11:10:34,594 - Loaded System Directive: org.apache.velocity.runtime.directive.Macro
2019-07-08 11:10:34,599 - Loaded System Directive: org.apache.velocity.runtime.directive.Parse
2019-07-08 11:10:34,604 - Loaded System Directive: org.apache.velocity.runtime.directive.Include
2019-07-08 11:10:34,608 - Loaded System Directive: org.apache.velocity.runtime.directive.Foreach
2019-07-08 11:10:34,718 - Created '20' parsers.
2019-07-08 11:10:34,746 - Velocimacro : "velocimacro.library" is not set.  Trying default library: VM_global_library.vm
2019-07-08 11:10:34,746 - Velocimacro : Default library not found.
2019-07-08 11:10:34,746 - Velocimacro : allowInline = true : VMs can be defined inline in templates
2019-07-08 11:10:34,747 - Velocimacro : allowInlineToOverride = false : VMs defined inline may NOT replace previous VM definitions
2019-07-08 11:10:34,747 - Velocimacro : allowInlineLocal = false : VMs defined inline will be global in scope if allowed.
2019-07-08 11:10:34,747 - Velocimacro : autoload off : VM system will not automatically reload global library macros
2019-07-08 11:10:34,819 - ResourceManager : found template/hello.vm with loader org.apache.velocity.runtime.resource.loader.FileResourceLoader
2019-07-08 11:12:10,768 - Log4JLogChute initialized using file 'velocity.log'
2019-07-08 11:12:10,769 - Velocity was not initialized! Calling init()...
2019-07-08 11:12:10,769 - Starting Apache Velocity v1.6 (compiled: 2008-11-24 15:58:18)
2019-07-08 11:12:10,769 - Default Properties File: org\apache\velocity\runtime\defaults\velocity.properties
2019-07-08 11:12:10,769 - Trying to use logger class org.apache.velocity.runtime.log.AvalonLogChute
2019-07-08 11:12:10,769 - Target log system for org.apache.velocity.runtime.log.AvalonLogChute is not available (java.lang.NoClassDefFoundError: org/apache/log/format/Formatter).  Falling back to next log system...
2019-07-08 11:12:10,769 - Trying to use logger class org.apache.velocity.runtime.log.Log4JLogChute
2019-07-08 11:12:10,769 - Using logger class org.apache.velocity.runtime.log.Log4JLogChute
2019-07-08 11:12:10,782 - ResourceLoader instantiated: org.apache.velocity.runtime.resource.loader.FileResourceLoader
2019-07-08 11:12:10,785 - Do unicode file recognition:  false
2019-07-08 11:12:10,785 - FileResourceLoader : adding path '.'
2019-07-08 11:12:10,813 - ResourceCache: initialized (class org.apache.velocity.runtime.resource.ResourceCacheImpl) with class java.util.Collections$SynchronizedMap cache map.
2019-07-08 11:12:10,816 - Loaded System Directive: org.apache.velocity.runtime.directive.Define
2019-07-08 11:12:10,819 - Loaded System Directive: org.apache.velocity.runtime.directive.Break
2019-07-08 11:12:10,821 - Loaded System Directive: org.apache.velocity.runtime.directive.Evaluate
2019-07-08 11:12:10,821 - Loaded System Directive: org.apache.velocity.runtime.directive.Literal
2019-07-08 11:12:10,823 - Loaded System Directive: org.apache.velocity.runtime.directive.Macro
2019-07-08 11:12:10,827 - Loaded System Directive: org.apache.velocity.runtime.directive.Parse
2019-07-08 11:12:10,830 - Loaded System Directive: org.apache.velocity.runtime.directive.Include
2019-07-08 11:12:10,833 - Loaded System Directive: org.apache.velocity.runtime.directive.Foreach
2019-07-08 11:12:10,875 - Created '20' parsers.
2019-07-08 11:12:10,893 - Velocimacro : "velocimacro.library" is not set.  Trying default library: VM_global_library.vm
2019-07-08 11:12:10,893 - Velocimacro : Default library not found.
2019-07-08 11:12:10,893 - Velocimacro : allowInline = true : VMs can be defined inline in templates
2019-07-08 11:12:10,893 - Velocimacro : allowInlineToOverride = false : VMs defined inline may NOT replace previous VM definitions
2019-07-08 11:12:10,893 - Velocimacro : allowInlineLocal = false : VMs defined inline will be global in scope if allowed.
2019-07-08 11:12:10,893 - Velocimacro : autoload off : VM system will not automatically reload global library macros
2019-07-08 11:12:10,934 - ResourceManager : found template/hello.vm with loader org.apache.velocity.runtime.resource.loader.FileResourceLoader
